{"/Users/photcharakallayanasiri/Desktop/Sw engineering/cedt-se-project-yenkar/backend/controllers/cars.js": {"path":"/Users/photcharakallayanasiri/Desktop/Sw engineering/cedt-se-project-yenkar/backend/controllers/cars.js","statementMap":{"0":{"start":{"line":1,"column":12},"end":{"line":1,"column":36}},"1":{"start":{"line":2,"column":20},"end":{"line":2,"column":52}},"2":{"start":{"line":3,"column":17},"end":{"line":3,"column":49}},"3":{"start":{"line":4,"column":16},"end":{"line":4,"column":44}},"4":{"start":{"line":5,"column":13},"end":{"line":5,"column":38}},"5":{"start":{"line":10,"column":0},"end":{"line":40,"column":4}},"6":{"start":{"line":11,"column":4},"end":{"line":39,"column":5}},"7":{"start":{"line":13,"column":8},"end":{"line":14,"column":75}},"8":{"start":{"line":13,"column":36},"end":{"line":13,"column":71}},"9":{"start":{"line":14,"column":13},"end":{"line":14,"column":75}},"10":{"start":{"line":14,"column":38},"end":{"line":14,"column":75}},"11":{"start":{"line":17,"column":28},"end":{"line":17,"column":73}},"12":{"start":{"line":19,"column":8},"end":{"line":23,"column":11}},"13":{"start":{"line":20,"column":8},"end":{"line":23,"column":11}},"14":{"start":{"line":27,"column":20},"end":{"line":27,"column":46}},"15":{"start":{"line":28,"column":8},"end":{"line":31,"column":11}},"16":{"start":{"line":35,"column":6},"end":{"line":35,"column":23}},"17":{"start":{"line":36,"column":6},"end":{"line":38,"column":69}},"18":{"start":{"line":45,"column":2},"end":{"line":68,"column":2}},"19":{"start":{"line":47,"column":4},"end":{"line":67,"column":5}},"20":{"start":{"line":48,"column":20},"end":{"line":48,"column":53}},"21":{"start":{"line":49,"column":8},"end":{"line":54,"column":9}},"22":{"start":{"line":50,"column":12},"end":{"line":50,"column":50}},"23":{"start":{"line":52,"column":13},"end":{"line":54,"column":9}},"24":{"start":{"line":53,"column":10},"end":{"line":53,"column":127}},"25":{"start":{"line":55,"column":26},"end":{"line":58,"column":8}},"26":{"start":{"line":60,"column":8},"end":{"line":63,"column":11}},"27":{"start":{"line":66,"column":8},"end":{"line":66,"column":46}},"28":{"start":{"line":75,"column":0},"end":{"line":108,"column":2}},"29":{"start":{"line":76,"column":4},"end":{"line":106,"column":5}},"30":{"start":{"line":77,"column":8},"end":{"line":77,"column":45}},"31":{"start":{"line":79,"column":20},"end":{"line":79,"column":73}},"32":{"start":{"line":80,"column":8},"end":{"line":85,"column":9}},"33":{"start":{"line":81,"column":12},"end":{"line":81,"column":109}},"34":{"start":{"line":83,"column":13},"end":{"line":85,"column":9}},"35":{"start":{"line":84,"column":12},"end":{"line":84,"column":125}},"36":{"start":{"line":86,"column":25},"end":{"line":86,"column":61}},"37":{"start":{"line":89,"column":8},"end":{"line":97,"column":9}},"38":{"start":{"line":90,"column":23},"end":{"line":90,"column":56}},"39":{"start":{"line":91,"column":30},"end":{"line":91,"column":77}},"40":{"start":{"line":92,"column":12},"end":{"line":95,"column":13}},"41":{"start":{"line":93,"column":16},"end":{"line":93,"column":72}},"42":{"start":{"line":94,"column":16},"end":{"line":94,"column":81}},"43":{"start":{"line":100,"column":8},"end":{"line":100,"column":30}},"44":{"start":{"line":101,"column":8},"end":{"line":101,"column":113}},"45":{"start":{"line":104,"column":8},"end":{"line":104,"column":83}},"46":{"start":{"line":105,"column":8},"end":{"line":105,"column":27}},"47":{"start":{"line":113,"column":0},"end":{"line":130,"column":4}},"48":{"start":{"line":116,"column":6},"end":{"line":116,"column":49}},"49":{"start":{"line":119,"column":4},"end":{"line":129,"column":5}},"50":{"start":{"line":120,"column":19},"end":{"line":120,"column":30}},"51":{"start":{"line":121,"column":6},"end":{"line":123,"column":65}},"52":{"start":{"line":125,"column":6},"end":{"line":125,"column":23}},"53":{"start":{"line":126,"column":6},"end":{"line":128,"column":62}},"54":{"start":{"line":135,"column":0},"end":{"line":163,"column":4}},"55":{"start":{"line":138,"column":6},"end":{"line":143,"column":9}},"56":{"start":{"line":145,"column":6},"end":{"line":149,"column":9}},"57":{"start":{"line":146,"column":6},"end":{"line":149,"column":9}},"58":{"start":{"line":152,"column":4},"end":{"line":162,"column":5}},"59":{"start":{"line":153,"column":18},"end":{"line":153,"column":29}},"60":{"start":{"line":154,"column":6},"end":{"line":156,"column":44}},"61":{"start":{"line":158,"column":6},"end":{"line":158,"column":23}},"62":{"start":{"line":159,"column":6},"end":{"line":161,"column":62}}},"fnMap":{"0":{"name":"(anonymous_0)","decl":{"start":{"line":10,"column":17},"end":{"line":10,"column":18}},"loc":{"start":{"line":10,"column":43},"end":{"line":40,"column":3}},"line":10},"1":{"name":"(anonymous_1)","decl":{"start":{"line":45,"column":20},"end":{"line":45,"column":21}},"loc":{"start":{"line":45,"column":43},"end":{"line":68,"column":1}},"line":45},"2":{"name":"(anonymous_2)","decl":{"start":{"line":75,"column":20},"end":{"line":75,"column":21}},"loc":{"start":{"line":75,"column":46},"end":{"line":108,"column":1}},"line":75},"3":{"name":"(anonymous_3)","decl":{"start":{"line":113,"column":18},"end":{"line":113,"column":19}},"loc":{"start":{"line":113,"column":44},"end":{"line":130,"column":3}},"line":113},"4":{"name":"(anonymous_4)","decl":{"start":{"line":135,"column":23},"end":{"line":135,"column":24}},"loc":{"start":{"line":135,"column":49},"end":{"line":163,"column":3}},"line":135}},"branchMap":{"0":{"loc":{"start":{"line":13,"column":8},"end":{"line":14,"column":75}},"type":"if","locations":[{"start":{"line":13,"column":8},"end":{"line":14,"column":75}},{"start":{"line":14,"column":13},"end":{"line":14,"column":75}}],"line":13},"1":{"loc":{"start":{"line":14,"column":13},"end":{"line":14,"column":75}},"type":"if","locations":[{"start":{"line":14,"column":13},"end":{"line":14,"column":75}},{"start":{},"end":{}}],"line":14},"2":{"loc":{"start":{"line":19,"column":8},"end":{"line":23,"column":11}},"type":"if","locations":[{"start":{"line":19,"column":8},"end":{"line":23,"column":11}},{"start":{},"end":{}}],"line":19},"3":{"loc":{"start":{"line":49,"column":8},"end":{"line":54,"column":9}},"type":"if","locations":[{"start":{"line":49,"column":8},"end":{"line":54,"column":9}},{"start":{"line":52,"column":13},"end":{"line":54,"column":9}}],"line":49},"4":{"loc":{"start":{"line":52,"column":13},"end":{"line":54,"column":9}},"type":"if","locations":[{"start":{"line":52,"column":13},"end":{"line":54,"column":9}},{"start":{},"end":{}}],"line":52},"5":{"loc":{"start":{"line":52,"column":17},"end":{"line":52,"column":86}},"type":"binary-expr","locations":[{"start":{"line":52,"column":17},"end":{"line":52,"column":58}},{"start":{"line":52,"column":62},"end":{"line":52,"column":86}}],"line":52},"6":{"loc":{"start":{"line":80,"column":8},"end":{"line":85,"column":9}},"type":"if","locations":[{"start":{"line":80,"column":8},"end":{"line":85,"column":9}},{"start":{"line":83,"column":13},"end":{"line":85,"column":9}}],"line":80},"7":{"loc":{"start":{"line":83,"column":13},"end":{"line":85,"column":9}},"type":"if","locations":[{"start":{"line":83,"column":13},"end":{"line":85,"column":9}},{"start":{},"end":{}}],"line":83},"8":{"loc":{"start":{"line":83,"column":17},"end":{"line":83,"column":86}},"type":"binary-expr","locations":[{"start":{"line":83,"column":17},"end":{"line":83,"column":58}},{"start":{"line":83,"column":62},"end":{"line":83,"column":86}}],"line":83},"9":{"loc":{"start":{"line":92,"column":12},"end":{"line":95,"column":13}},"type":"if","locations":[{"start":{"line":92,"column":12},"end":{"line":95,"column":13}},{"start":{},"end":{}}],"line":92},"10":{"loc":{"start":{"line":145,"column":6},"end":{"line":149,"column":9}},"type":"if","locations":[{"start":{"line":145,"column":6},"end":{"line":149,"column":9}},{"start":{},"end":{}}],"line":145}},"s":{"0":2,"1":2,"2":2,"3":2,"4":2,"5":2,"6":5,"7":5,"8":4,"9":1,"10":0,"11":5,"12":5,"13":1,"14":4,"15":2,"16":2,"17":2,"18":2,"19":0,"20":0,"21":0,"22":0,"23":0,"24":0,"25":0,"26":0,"27":0,"28":2,"29":6,"30":6,"31":6,"32":6,"33":2,"34":4,"35":2,"36":2,"37":2,"38":0,"39":0,"40":0,"41":0,"42":0,"43":2,"44":2,"45":0,"46":0,"47":2,"48":0,"49":0,"50":0,"51":0,"52":0,"53":0,"54":2,"55":0,"56":0,"57":0,"58":0,"59":0,"60":0,"61":0,"62":0},"f":{"0":5,"1":0,"2":6,"3":0,"4":0},"b":{"0":[4,1],"1":[0,1],"2":[1,4],"3":[0,0],"4":[0,0],"5":[0,0],"6":[2,4],"7":[2,2],"8":[4,3],"9":[0,0],"10":[0,0]},"_coverageSchema":"1a1c01bbd47fc00a2c39e90264f33305004495a9","hash":"6dc285149828c706a440b6eacf4f0f3da5228131"}
,"/Users/photcharakallayanasiri/Desktop/Sw engineering/cedt-se-project-yenkar/backend/models/Car.js": {"path":"/Users/photcharakallayanasiri/Desktop/Sw engineering/cedt-se-project-yenkar/backend/models/Car.js","statementMap":{"0":{"start":{"line":1,"column":17},"end":{"line":1,"column":36}},"1":{"start":{"line":2,"column":20},"end":{"line":2,"column":44}},"2":{"start":{"line":3,"column":16},"end":{"line":3,"column":44}},"3":{"start":{"line":5,"column":18},"end":{"line":71,"column":1}},"4":{"start":{"line":52,"column":10},"end":{"line":52,"column":27}},"5":{"start":{"line":74,"column":0},"end":{"line":82,"column":2}},"6":{"start":{"line":78,"column":4},"end":{"line":78,"column":61}},"7":{"start":{"line":79,"column":4},"end":{"line":79,"column":48}},"8":{"start":{"line":80,"column":4},"end":{"line":80,"column":11}},"9":{"start":{"line":84,"column":0},"end":{"line":89,"column":3}},"10":{"start":{"line":91,"column":0},"end":{"line":91,"column":50}}},"fnMap":{"0":{"name":"(anonymous_0)","decl":{"start":{"line":51,"column":19},"end":{"line":51,"column":20}},"loc":{"start":{"line":51,"column":35},"end":{"line":53,"column":9}},"line":51},"1":{"name":"(anonymous_1)","decl":{"start":{"line":77,"column":2},"end":{"line":77,"column":3}},"loc":{"start":{"line":77,"column":24},"end":{"line":81,"column":3}},"line":77}},"branchMap":{},"s":{"0":2,"1":2,"2":2,"3":2,"4":6,"5":2,"6":2,"7":2,"8":2,"9":2,"10":2},"f":{"0":6,"1":2},"b":{},"_coverageSchema":"1a1c01bbd47fc00a2c39e90264f33305004495a9","hash":"285178c82a87f3370890760affb27af4d5202724"}
,"/Users/photcharakallayanasiri/Desktop/Sw engineering/cedt-se-project-yenkar/backend/models/CarProvider.js": {"path":"/Users/photcharakallayanasiri/Desktop/Sw engineering/cedt-se-project-yenkar/backend/models/CarProvider.js","statementMap":{"0":{"start":{"line":1,"column":17},"end":{"line":1,"column":36}},"1":{"start":{"line":2,"column":15},"end":{"line":2,"column":34}},"2":{"start":{"line":3,"column":12},"end":{"line":3,"column":35}},"3":{"start":{"line":5,"column":26},"end":{"line":60,"column":1}},"4":{"start":{"line":63,"column":0},"end":{"line":66,"column":3}},"5":{"start":{"line":64,"column":15},"end":{"line":64,"column":39}},"6":{"start":{"line":65,"column":2},"end":{"line":65,"column":57}},"7":{"start":{"line":69,"column":0},"end":{"line":77,"column":2}},"8":{"start":{"line":70,"column":2},"end":{"line":76,"column":4}},"9":{"start":{"line":80,"column":0},"end":{"line":82,"column":2}},"10":{"start":{"line":81,"column":2},"end":{"line":81,"column":62}},"11":{"start":{"line":86,"column":0},"end":{"line":91,"column":3}},"12":{"start":{"line":93,"column":0},"end":{"line":98,"column":3}},"13":{"start":{"line":100,"column":0},"end":{"line":108,"column":2}},"14":{"start":{"line":104,"column":4},"end":{"line":104,"column":70}},"15":{"start":{"line":105,"column":4},"end":{"line":105,"column":70}},"16":{"start":{"line":106,"column":4},"end":{"line":106,"column":11}},"17":{"start":{"line":110,"column":0},"end":{"line":110,"column":66}}},"fnMap":{"0":{"name":"(anonymous_0)","decl":{"start":{"line":63,"column":30},"end":{"line":63,"column":31}},"loc":{"start":{"line":63,"column":52},"end":{"line":66,"column":1}},"line":63},"1":{"name":"(anonymous_1)","decl":{"start":{"line":69,"column":46},"end":{"line":69,"column":47}},"loc":{"start":{"line":69,"column":58},"end":{"line":77,"column":1}},"line":69},"2":{"name":"(anonymous_2)","decl":{"start":{"line":80,"column":44},"end":{"line":80,"column":45}},"loc":{"start":{"line":80,"column":77},"end":{"line":82,"column":1}},"line":80},"3":{"name":"(anonymous_3)","decl":{"start":{"line":103,"column":2},"end":{"line":103,"column":3}},"loc":{"start":{"line":103,"column":24},"end":{"line":107,"column":3}},"line":103}},"branchMap":{},"s":{"0":2,"1":2,"2":2,"3":2,"4":2,"5":3,"6":3,"7":2,"8":0,"9":2,"10":0,"11":2,"12":2,"13":2,"14":0,"15":0,"16":0,"17":2},"f":{"0":3,"1":0,"2":0,"3":0},"b":{},"_coverageSchema":"1a1c01bbd47fc00a2c39e90264f33305004495a9","hash":"582ae22735b46ae0fe04729bab03bbb95393645e"}
,"/Users/photcharakallayanasiri/Desktop/Sw engineering/cedt-se-project-yenkar/backend/models/Renting.js": {"path":"/Users/photcharakallayanasiri/Desktop/Sw engineering/cedt-se-project-yenkar/backend/models/Renting.js","statementMap":{"0":{"start":{"line":1,"column":17},"end":{"line":1,"column":36}},"1":{"start":{"line":3,"column":17},"end":{"line":3,"column":49}},"2":{"start":{"line":5,"column":22},"end":{"line":44,"column":2}},"3":{"start":{"line":13,"column":12},"end":{"line":13,"column":32}},"4":{"start":{"line":53,"column":0},"end":{"line":53,"column":58}}},"fnMap":{"0":{"name":"(anonymous_0)","decl":{"start":{"line":12,"column":17},"end":{"line":12,"column":18}},"loc":{"start":{"line":12,"column":28},"end":{"line":14,"column":9}},"line":12}},"branchMap":{},"s":{"0":2,"1":2,"2":2,"3":0,"4":2},"f":{"0":0},"b":{},"_coverageSchema":"1a1c01bbd47fc00a2c39e90264f33305004495a9","hash":"5f44070e4175c9f85f219b8e025c5d88055fb195"}
,"/Users/photcharakallayanasiri/Desktop/Sw engineering/cedt-se-project-yenkar/backend/models/User.js": {"path":"/Users/photcharakallayanasiri/Desktop/Sw engineering/cedt-se-project-yenkar/backend/models/User.js","statementMap":{"0":{"start":{"line":1,"column":17},"end":{"line":1,"column":36}},"1":{"start":{"line":2,"column":15},"end":{"line":2,"column":34}},"2":{"start":{"line":3,"column":12},"end":{"line":3,"column":35}},"3":{"start":{"line":5,"column":19},"end":{"line":51,"column":2}},"4":{"start":{"line":54,"column":0},"end":{"line":57,"column":2}},"5":{"start":{"line":55,"column":17},"end":{"line":55,"column":41}},"6":{"start":{"line":56,"column":4},"end":{"line":56,"column":59}},"7":{"start":{"line":59,"column":0},"end":{"line":64,"column":3}},"8":{"start":{"line":61,"column":8},"end":{"line":61,"column":67}},"9":{"start":{"line":62,"column":8},"end":{"line":62,"column":67}},"10":{"start":{"line":63,"column":8},"end":{"line":63,"column":15}},"11":{"start":{"line":68,"column":0},"end":{"line":72,"column":1}},"12":{"start":{"line":69,"column":4},"end":{"line":71,"column":7}},"13":{"start":{"line":75,"column":0},"end":{"line":77,"column":1}},"14":{"start":{"line":76,"column":4},"end":{"line":76,"column":64}},"15":{"start":{"line":80,"column":0},"end":{"line":82,"column":1}},"16":{"start":{"line":81,"column":4},"end":{"line":81,"column":39}},"17":{"start":{"line":85,"column":0},"end":{"line":88,"column":1}},"18":{"start":{"line":86,"column":4},"end":{"line":86,"column":26}},"19":{"start":{"line":87,"column":4},"end":{"line":87,"column":18}},"20":{"start":{"line":90,"column":0},"end":{"line":90,"column":52}}},"fnMap":{"0":{"name":"(anonymous_0)","decl":{"start":{"line":54,"column":23},"end":{"line":54,"column":24}},"loc":{"start":{"line":54,"column":44},"end":{"line":57,"column":1}},"line":54},"1":{"name":"(anonymous_1)","decl":{"start":{"line":60,"column":51},"end":{"line":60,"column":52}},"loc":{"start":{"line":60,"column":73},"end":{"line":64,"column":1}},"line":60},"2":{"name":"(anonymous_2)","decl":{"start":{"line":68,"column":39},"end":{"line":68,"column":40}},"loc":{"start":{"line":68,"column":50},"end":{"line":72,"column":1}},"line":68},"3":{"name":"(anonymous_3)","decl":{"start":{"line":75,"column":37},"end":{"line":75,"column":38}},"loc":{"start":{"line":75,"column":69},"end":{"line":77,"column":1}},"line":75},"4":{"name":"(anonymous_4)","decl":{"start":{"line":80,"column":34},"end":{"line":80,"column":35}},"loc":{"start":{"line":80,"column":56},"end":{"line":82,"column":1}},"line":80},"5":{"name":"(anonymous_5)","decl":{"start":{"line":85,"column":32},"end":{"line":85,"column":33}},"loc":{"start":{"line":85,"column":50},"end":{"line":88,"column":1}},"line":85}},"branchMap":{},"s":{"0":2,"1":2,"2":2,"3":2,"4":2,"5":2,"6":2,"7":2,"8":0,"9":0,"10":0,"11":2,"12":0,"13":2,"14":0,"15":2,"16":0,"17":2,"18":0,"19":0,"20":2},"f":{"0":2,"1":0,"2":0,"3":0,"4":0,"5":0},"b":{},"_coverageSchema":"1a1c01bbd47fc00a2c39e90264f33305004495a9","hash":"c8a7ec27be1a0aedc80fad741a7e457d1d54ec57"}
}
