{"L:\\SoftwareEngineer\\cedt-se-project-yenkar\\backend\\controllers\\cars.js": {"path":"L:\\SoftwareEngineer\\cedt-se-project-yenkar\\backend\\controllers\\cars.js","statementMap":{"0":{"start":{"line":1,"column":12},"end":{"line":1,"column":36}},"1":{"start":{"line":2,"column":20},"end":{"line":2,"column":52}},"2":{"start":{"line":3,"column":17},"end":{"line":3,"column":49}},"3":{"start":{"line":4,"column":16},"end":{"line":4,"column":44}},"4":{"start":{"line":5,"column":13},"end":{"line":5,"column":38}},"5":{"start":{"line":10,"column":0},"end":{"line":39,"column":4}},"6":{"start":{"line":11,"column":4},"end":{"line":38,"column":5}},"7":{"start":{"line":13,"column":8},"end":{"line":13,"column":43}},"8":{"start":{"line":16,"column":28},"end":{"line":16,"column":73}},"9":{"start":{"line":18,"column":8},"end":{"line":22,"column":11}},"10":{"start":{"line":19,"column":8},"end":{"line":22,"column":11}},"11":{"start":{"line":26,"column":20},"end":{"line":26,"column":46}},"12":{"start":{"line":27,"column":8},"end":{"line":30,"column":11}},"13":{"start":{"line":34,"column":6},"end":{"line":34,"column":23}},"14":{"start":{"line":35,"column":6},"end":{"line":37,"column":69}},"15":{"start":{"line":44,"column":2},"end":{"line":67,"column":2}},"16":{"start":{"line":46,"column":4},"end":{"line":66,"column":5}},"17":{"start":{"line":47,"column":20},"end":{"line":47,"column":53}},"18":{"start":{"line":48,"column":8},"end":{"line":53,"column":9}},"19":{"start":{"line":49,"column":12},"end":{"line":49,"column":50}},"20":{"start":{"line":51,"column":13},"end":{"line":53,"column":9}},"21":{"start":{"line":52,"column":10},"end":{"line":52,"column":127}},"22":{"start":{"line":54,"column":26},"end":{"line":57,"column":8}},"23":{"start":{"line":59,"column":8},"end":{"line":62,"column":11}},"24":{"start":{"line":65,"column":8},"end":{"line":65,"column":46}},"25":{"start":{"line":74,"column":0},"end":{"line":107,"column":2}},"26":{"start":{"line":75,"column":4},"end":{"line":105,"column":5}},"27":{"start":{"line":76,"column":8},"end":{"line":76,"column":45}},"28":{"start":{"line":78,"column":20},"end":{"line":78,"column":73}},"29":{"start":{"line":79,"column":8},"end":{"line":84,"column":9}},"30":{"start":{"line":80,"column":12},"end":{"line":80,"column":109}},"31":{"start":{"line":82,"column":13},"end":{"line":84,"column":9}},"32":{"start":{"line":83,"column":12},"end":{"line":83,"column":125}},"33":{"start":{"line":85,"column":25},"end":{"line":85,"column":61}},"34":{"start":{"line":88,"column":8},"end":{"line":96,"column":9}},"35":{"start":{"line":89,"column":23},"end":{"line":89,"column":56}},"36":{"start":{"line":90,"column":30},"end":{"line":90,"column":77}},"37":{"start":{"line":91,"column":12},"end":{"line":94,"column":13}},"38":{"start":{"line":92,"column":16},"end":{"line":92,"column":72}},"39":{"start":{"line":93,"column":16},"end":{"line":93,"column":81}},"40":{"start":{"line":99,"column":8},"end":{"line":99,"column":30}},"41":{"start":{"line":100,"column":8},"end":{"line":100,"column":113}},"42":{"start":{"line":103,"column":8},"end":{"line":103,"column":83}},"43":{"start":{"line":104,"column":8},"end":{"line":104,"column":27}},"44":{"start":{"line":112,"column":0},"end":{"line":129,"column":4}},"45":{"start":{"line":115,"column":6},"end":{"line":115,"column":49}},"46":{"start":{"line":118,"column":4},"end":{"line":128,"column":5}},"47":{"start":{"line":119,"column":19},"end":{"line":119,"column":30}},"48":{"start":{"line":120,"column":6},"end":{"line":122,"column":65}},"49":{"start":{"line":124,"column":6},"end":{"line":124,"column":23}},"50":{"start":{"line":125,"column":6},"end":{"line":127,"column":62}},"51":{"start":{"line":134,"column":0},"end":{"line":162,"column":4}},"52":{"start":{"line":137,"column":6},"end":{"line":142,"column":9}},"53":{"start":{"line":144,"column":6},"end":{"line":148,"column":9}},"54":{"start":{"line":145,"column":6},"end":{"line":148,"column":9}},"55":{"start":{"line":151,"column":4},"end":{"line":161,"column":5}},"56":{"start":{"line":152,"column":18},"end":{"line":152,"column":29}},"57":{"start":{"line":153,"column":6},"end":{"line":155,"column":44}},"58":{"start":{"line":157,"column":6},"end":{"line":157,"column":23}},"59":{"start":{"line":158,"column":6},"end":{"line":160,"column":62}}},"fnMap":{"0":{"name":"(anonymous_0)","decl":{"start":{"line":10,"column":17},"end":{"line":10,"column":18}},"loc":{"start":{"line":10,"column":43},"end":{"line":39,"column":3}},"line":10},"1":{"name":"(anonymous_1)","decl":{"start":{"line":44,"column":20},"end":{"line":44,"column":21}},"loc":{"start":{"line":44,"column":43},"end":{"line":67,"column":1}},"line":44},"2":{"name":"(anonymous_2)","decl":{"start":{"line":74,"column":20},"end":{"line":74,"column":21}},"loc":{"start":{"line":74,"column":46},"end":{"line":107,"column":1}},"line":74},"3":{"name":"(anonymous_3)","decl":{"start":{"line":112,"column":18},"end":{"line":112,"column":19}},"loc":{"start":{"line":112,"column":44},"end":{"line":129,"column":3}},"line":112},"4":{"name":"(anonymous_4)","decl":{"start":{"line":134,"column":23},"end":{"line":134,"column":24}},"loc":{"start":{"line":134,"column":49},"end":{"line":162,"column":3}},"line":134}},"branchMap":{"0":{"loc":{"start":{"line":18,"column":8},"end":{"line":22,"column":11}},"type":"if","locations":[{"start":{"line":18,"column":8},"end":{"line":22,"column":11}},{"start":{},"end":{}}],"line":18},"1":{"loc":{"start":{"line":48,"column":8},"end":{"line":53,"column":9}},"type":"if","locations":[{"start":{"line":48,"column":8},"end":{"line":53,"column":9}},{"start":{"line":51,"column":13},"end":{"line":53,"column":9}}],"line":48},"2":{"loc":{"start":{"line":51,"column":13},"end":{"line":53,"column":9}},"type":"if","locations":[{"start":{"line":51,"column":13},"end":{"line":53,"column":9}},{"start":{},"end":{}}],"line":51},"3":{"loc":{"start":{"line":51,"column":17},"end":{"line":51,"column":86}},"type":"binary-expr","locations":[{"start":{"line":51,"column":17},"end":{"line":51,"column":58}},{"start":{"line":51,"column":62},"end":{"line":51,"column":86}}],"line":51},"4":{"loc":{"start":{"line":79,"column":8},"end":{"line":84,"column":9}},"type":"if","locations":[{"start":{"line":79,"column":8},"end":{"line":84,"column":9}},{"start":{"line":82,"column":13},"end":{"line":84,"column":9}}],"line":79},"5":{"loc":{"start":{"line":82,"column":13},"end":{"line":84,"column":9}},"type":"if","locations":[{"start":{"line":82,"column":13},"end":{"line":84,"column":9}},{"start":{},"end":{}}],"line":82},"6":{"loc":{"start":{"line":82,"column":17},"end":{"line":82,"column":86}},"type":"binary-expr","locations":[{"start":{"line":82,"column":17},"end":{"line":82,"column":58}},{"start":{"line":82,"column":62},"end":{"line":82,"column":86}}],"line":82},"7":{"loc":{"start":{"line":91,"column":12},"end":{"line":94,"column":13}},"type":"if","locations":[{"start":{"line":91,"column":12},"end":{"line":94,"column":13}},{"start":{},"end":{}}],"line":91},"8":{"loc":{"start":{"line":144,"column":6},"end":{"line":148,"column":9}},"type":"if","locations":[{"start":{"line":144,"column":6},"end":{"line":148,"column":9}},{"start":{},"end":{}}],"line":144}},"s":{"0":1,"1":1,"2":1,"3":1,"4":1,"5":1,"6":0,"7":0,"8":0,"9":0,"10":0,"11":0,"12":0,"13":0,"14":0,"15":1,"16":0,"17":0,"18":0,"19":0,"20":0,"21":0,"22":0,"23":0,"24":0,"25":1,"26":6,"27":6,"28":6,"29":6,"30":2,"31":4,"32":2,"33":2,"34":2,"35":0,"36":0,"37":0,"38":0,"39":0,"40":2,"41":2,"42":0,"43":0,"44":1,"45":0,"46":0,"47":0,"48":0,"49":0,"50":0,"51":1,"52":0,"53":0,"54":0,"55":0,"56":0,"57":0,"58":0,"59":0},"f":{"0":0,"1":0,"2":6,"3":0,"4":0},"b":{"0":[0,0],"1":[0,0],"2":[0,0],"3":[0,0],"4":[2,4],"5":[2,2],"6":[4,3],"7":[0,0],"8":[0,0]},"_coverageSchema":"1a1c01bbd47fc00a2c39e90264f33305004495a9","hash":"902659d9ac92c42900c4fc2444f03e643f9b75e7"}
,"L:\\SoftwareEngineer\\cedt-se-project-yenkar\\backend\\models\\Car.js": {"path":"L:\\SoftwareEngineer\\cedt-se-project-yenkar\\backend\\models\\Car.js","statementMap":{"0":{"start":{"line":1,"column":17},"end":{"line":1,"column":36}},"1":{"start":{"line":2,"column":20},"end":{"line":2,"column":44}},"2":{"start":{"line":3,"column":16},"end":{"line":3,"column":44}},"3":{"start":{"line":5,"column":18},"end":{"line":66,"column":1}},"4":{"start":{"line":69,"column":0},"end":{"line":77,"column":2}},"5":{"start":{"line":73,"column":4},"end":{"line":73,"column":61}},"6":{"start":{"line":74,"column":4},"end":{"line":74,"column":48}},"7":{"start":{"line":75,"column":4},"end":{"line":75,"column":11}},"8":{"start":{"line":79,"column":0},"end":{"line":84,"column":3}},"9":{"start":{"line":86,"column":0},"end":{"line":86,"column":50}}},"fnMap":{"0":{"name":"(anonymous_0)","decl":{"start":{"line":72,"column":2},"end":{"line":72,"column":3}},"loc":{"start":{"line":72,"column":24},"end":{"line":76,"column":3}},"line":72}},"branchMap":{},"s":{"0":1,"1":1,"2":1,"3":1,"4":1,"5":2,"6":2,"7":2,"8":1,"9":1},"f":{"0":2},"b":{},"_coverageSchema":"1a1c01bbd47fc00a2c39e90264f33305004495a9","hash":"4907d2c5d5731f319753c9f3bdac9dc2099c9efc"}
,"L:\\SoftwareEngineer\\cedt-se-project-yenkar\\backend\\models\\CarProvider.js": {"path":"L:\\SoftwareEngineer\\cedt-se-project-yenkar\\backend\\models\\CarProvider.js","statementMap":{"0":{"start":{"line":1,"column":17},"end":{"line":1,"column":36}},"1":{"start":{"line":2,"column":15},"end":{"line":2,"column":34}},"2":{"start":{"line":3,"column":12},"end":{"line":3,"column":35}},"3":{"start":{"line":5,"column":26},"end":{"line":60,"column":1}},"4":{"start":{"line":63,"column":0},"end":{"line":66,"column":3}},"5":{"start":{"line":64,"column":15},"end":{"line":64,"column":39}},"6":{"start":{"line":65,"column":2},"end":{"line":65,"column":57}},"7":{"start":{"line":69,"column":0},"end":{"line":77,"column":2}},"8":{"start":{"line":70,"column":2},"end":{"line":76,"column":4}},"9":{"start":{"line":80,"column":0},"end":{"line":82,"column":2}},"10":{"start":{"line":81,"column":2},"end":{"line":81,"column":62}},"11":{"start":{"line":86,"column":0},"end":{"line":91,"column":3}},"12":{"start":{"line":93,"column":0},"end":{"line":98,"column":3}},"13":{"start":{"line":100,"column":0},"end":{"line":108,"column":2}},"14":{"start":{"line":104,"column":4},"end":{"line":104,"column":70}},"15":{"start":{"line":105,"column":4},"end":{"line":105,"column":70}},"16":{"start":{"line":106,"column":4},"end":{"line":106,"column":11}},"17":{"start":{"line":110,"column":0},"end":{"line":110,"column":66}}},"fnMap":{"0":{"name":"(anonymous_0)","decl":{"start":{"line":63,"column":30},"end":{"line":63,"column":31}},"loc":{"start":{"line":63,"column":52},"end":{"line":66,"column":1}},"line":63},"1":{"name":"(anonymous_1)","decl":{"start":{"line":69,"column":46},"end":{"line":69,"column":47}},"loc":{"start":{"line":69,"column":58},"end":{"line":77,"column":1}},"line":69},"2":{"name":"(anonymous_2)","decl":{"start":{"line":80,"column":44},"end":{"line":80,"column":45}},"loc":{"start":{"line":80,"column":77},"end":{"line":82,"column":1}},"line":80},"3":{"name":"(anonymous_3)","decl":{"start":{"line":103,"column":2},"end":{"line":103,"column":3}},"loc":{"start":{"line":103,"column":24},"end":{"line":107,"column":3}},"line":103}},"branchMap":{},"s":{"0":1,"1":1,"2":1,"3":1,"4":1,"5":2,"6":2,"7":1,"8":0,"9":1,"10":0,"11":1,"12":1,"13":1,"14":0,"15":0,"16":0,"17":1},"f":{"0":2,"1":0,"2":0,"3":0},"b":{},"_coverageSchema":"1a1c01bbd47fc00a2c39e90264f33305004495a9","hash":"bd35f1a826bf5f20ef01af7181aa22f67aa8b566"}
,"L:\\SoftwareEngineer\\cedt-se-project-yenkar\\backend\\models\\Renting.js": {"path":"L:\\SoftwareEngineer\\cedt-se-project-yenkar\\backend\\models\\Renting.js","statementMap":{"0":{"start":{"line":1,"column":17},"end":{"line":1,"column":36}},"1":{"start":{"line":3,"column":17},"end":{"line":3,"column":49}},"2":{"start":{"line":5,"column":22},"end":{"line":44,"column":2}},"3":{"start":{"line":13,"column":12},"end":{"line":13,"column":32}},"4":{"start":{"line":53,"column":0},"end":{"line":53,"column":58}}},"fnMap":{"0":{"name":"(anonymous_0)","decl":{"start":{"line":12,"column":17},"end":{"line":12,"column":18}},"loc":{"start":{"line":12,"column":28},"end":{"line":14,"column":9}},"line":12}},"branchMap":{},"s":{"0":1,"1":1,"2":1,"3":0,"4":1},"f":{"0":0},"b":{},"_coverageSchema":"1a1c01bbd47fc00a2c39e90264f33305004495a9","hash":"6ea766cf1d8e83433d1a841cc03667e716541b51"}
,"L:\\SoftwareEngineer\\cedt-se-project-yenkar\\backend\\models\\User.js": {"path":"L:\\SoftwareEngineer\\cedt-se-project-yenkar\\backend\\models\\User.js","statementMap":{"0":{"start":{"line":1,"column":17},"end":{"line":1,"column":36}},"1":{"start":{"line":2,"column":15},"end":{"line":2,"column":34}},"2":{"start":{"line":3,"column":12},"end":{"line":3,"column":35}},"3":{"start":{"line":5,"column":19},"end":{"line":51,"column":2}},"4":{"start":{"line":54,"column":0},"end":{"line":57,"column":2}},"5":{"start":{"line":55,"column":17},"end":{"line":55,"column":41}},"6":{"start":{"line":56,"column":4},"end":{"line":56,"column":59}},"7":{"start":{"line":59,"column":0},"end":{"line":64,"column":3}},"8":{"start":{"line":61,"column":8},"end":{"line":61,"column":67}},"9":{"start":{"line":62,"column":8},"end":{"line":62,"column":67}},"10":{"start":{"line":63,"column":8},"end":{"line":63,"column":15}},"11":{"start":{"line":68,"column":0},"end":{"line":72,"column":1}},"12":{"start":{"line":69,"column":4},"end":{"line":71,"column":7}},"13":{"start":{"line":75,"column":0},"end":{"line":77,"column":1}},"14":{"start":{"line":76,"column":4},"end":{"line":76,"column":64}},"15":{"start":{"line":80,"column":0},"end":{"line":82,"column":1}},"16":{"start":{"line":81,"column":4},"end":{"line":81,"column":39}},"17":{"start":{"line":85,"column":0},"end":{"line":88,"column":1}},"18":{"start":{"line":86,"column":4},"end":{"line":86,"column":26}},"19":{"start":{"line":87,"column":4},"end":{"line":87,"column":18}},"20":{"start":{"line":90,"column":0},"end":{"line":90,"column":52}}},"fnMap":{"0":{"name":"(anonymous_0)","decl":{"start":{"line":54,"column":23},"end":{"line":54,"column":24}},"loc":{"start":{"line":54,"column":44},"end":{"line":57,"column":1}},"line":54},"1":{"name":"(anonymous_1)","decl":{"start":{"line":60,"column":51},"end":{"line":60,"column":52}},"loc":{"start":{"line":60,"column":73},"end":{"line":64,"column":1}},"line":60},"2":{"name":"(anonymous_2)","decl":{"start":{"line":68,"column":39},"end":{"line":68,"column":40}},"loc":{"start":{"line":68,"column":50},"end":{"line":72,"column":1}},"line":68},"3":{"name":"(anonymous_3)","decl":{"start":{"line":75,"column":37},"end":{"line":75,"column":38}},"loc":{"start":{"line":75,"column":69},"end":{"line":77,"column":1}},"line":75},"4":{"name":"(anonymous_4)","decl":{"start":{"line":80,"column":34},"end":{"line":80,"column":35}},"loc":{"start":{"line":80,"column":56},"end":{"line":82,"column":1}},"line":80},"5":{"name":"(anonymous_5)","decl":{"start":{"line":85,"column":32},"end":{"line":85,"column":33}},"loc":{"start":{"line":85,"column":50},"end":{"line":88,"column":1}},"line":85}},"branchMap":{},"s":{"0":1,"1":1,"2":1,"3":1,"4":1,"5":1,"6":1,"7":1,"8":0,"9":0,"10":0,"11":1,"12":0,"13":1,"14":0,"15":1,"16":0,"17":1,"18":0,"19":0,"20":1},"f":{"0":1,"1":0,"2":0,"3":0,"4":0,"5":0},"b":{},"_coverageSchema":"1a1c01bbd47fc00a2c39e90264f33305004495a9","hash":"8ddccb8388d74e2a6a246f949f0648ad312a3f77"}
}
