TN:
SF:controllers\cars.js
FN:10,(anonymous_0)
FN:44,(anonymous_1)
FN:74,(anonymous_2)
FN:112,(anonymous_3)
FN:134,(anonymous_4)
FNF:5
FNH:1
FNDA:0,(anonymous_0)
FNDA:0,(anonymous_1)
FNDA:6,(anonymous_2)
FNDA:0,(anonymous_3)
FNDA:0,(anonymous_4)
DA:1,1
DA:2,1
DA:3,1
DA:4,1
DA:5,1
DA:10,1
DA:11,0
DA:13,0
DA:16,0
DA:18,0
DA:19,0
DA:26,0
DA:27,0
DA:34,0
DA:35,0
DA:44,1
DA:46,0
DA:47,0
DA:48,0
DA:49,0
DA:51,0
DA:52,0
DA:54,0
DA:59,0
DA:65,0
DA:74,1
DA:75,6
DA:76,6
DA:78,6
DA:79,6
DA:80,2
DA:82,4
DA:83,2
DA:85,2
DA:88,2
DA:89,0
DA:90,0
DA:91,0
DA:92,0
DA:93,0
DA:99,2
DA:100,2
DA:103,0
DA:104,0
DA:112,1
DA:115,0
DA:118,0
DA:119,0
DA:120,0
DA:124,0
DA:125,0
DA:134,1
DA:137,0
DA:144,0
DA:145,0
DA:151,0
DA:152,0
DA:153,0
DA:157,0
DA:158,0
LF:60
LH:21
BRDA:18,0,0,0
BRDA:18,0,1,0
BRDA:48,1,0,0
BRDA:48,1,1,0
BRDA:51,2,0,0
BRDA:51,2,1,0
BRDA:51,3,0,0
BRDA:51,3,1,0
BRDA:79,4,0,2
BRDA:79,4,1,4
BRDA:82,5,0,2
BRDA:82,5,1,2
BRDA:82,6,0,4
BRDA:82,6,1,3
BRDA:91,7,0,0
BRDA:91,7,1,0
BRDA:144,8,0,0
BRDA:144,8,1,0
BRF:18
BRH:6
end_of_record
TN:
SF:models\Car.js
FN:72,(anonymous_0)
FNF:1
FNH:1
FNDA:2,(anonymous_0)
DA:1,1
DA:2,1
DA:3,1
DA:5,1
DA:69,1
DA:73,2
DA:74,2
DA:75,2
DA:79,1
DA:86,1
LF:10
LH:10
BRF:0
BRH:0
end_of_record
TN:
SF:models\CarProvider.js
FN:63,(anonymous_0)
FN:69,(anonymous_1)
FN:80,(anonymous_2)
FN:103,(anonymous_3)
FNF:4
FNH:1
FNDA:2,(anonymous_0)
FNDA:0,(anonymous_1)
FNDA:0,(anonymous_2)
FNDA:0,(anonymous_3)
DA:1,1
DA:2,1
DA:3,1
DA:5,1
DA:63,1
DA:64,2
DA:65,2
DA:69,1
DA:70,0
DA:80,1
DA:81,0
DA:86,1
DA:93,1
DA:100,1
DA:104,0
DA:105,0
DA:106,0
DA:110,1
LF:18
LH:13
BRF:0
BRH:0
end_of_record
TN:
SF:models\Renting.js
FN:12,(anonymous_0)
FNF:1
FNH:0
FNDA:0,(anonymous_0)
DA:1,1
DA:3,1
DA:5,1
DA:13,0
DA:53,1
LF:5
LH:4
BRF:0
BRH:0
end_of_record
TN:
SF:models\User.js
FN:54,(anonymous_0)
FN:60,(anonymous_1)
FN:68,(anonymous_2)
FN:75,(anonymous_3)
FN:80,(anonymous_4)
FN:85,(anonymous_5)
FNF:6
FNH:1
FNDA:1,(anonymous_0)
FNDA:0,(anonymous_1)
FNDA:0,(anonymous_2)
FNDA:0,(anonymous_3)
FNDA:0,(anonymous_4)
FNDA:0,(anonymous_5)
DA:1,1
DA:2,1
DA:3,1
DA:5,1
DA:54,1
DA:55,1
DA:56,1
DA:59,1
DA:61,0
DA:62,0
DA:63,0
DA:68,1
DA:69,0
DA:75,1
DA:76,0
DA:80,1
DA:81,0
DA:85,1
DA:86,0
DA:87,0
DA:90,1
LF:21
LH:13
BRF:0
BRH:0
end_of_record
