TN:
SF:controllers/cars.js
FN:10,(anonymous_0)
FN:45,(anonymous_1)
FN:75,(anonymous_2)
FN:113,(anonymous_3)
FN:135,(anonymous_4)
FNF:5
FNH:2
FNDA:5,(anonymous_0)
FNDA:0,(anonymous_1)
FNDA:6,(anonymous_2)
FNDA:0,(anonymous_3)
FNDA:0,(anonymous_4)
DA:1,2
DA:2,2
DA:3,2
DA:4,2
DA:5,2
DA:10,2
DA:11,5
DA:13,5
DA:14,1
DA:17,5
DA:19,5
DA:20,1
DA:27,4
DA:28,2
DA:35,2
DA:36,2
DA:45,2
DA:47,0
DA:48,0
DA:49,0
DA:50,0
DA:52,0
DA:53,0
DA:55,0
DA:60,0
DA:66,0
DA:75,2
DA:76,6
DA:77,6
DA:79,6
DA:80,6
DA:81,2
DA:83,4
DA:84,2
DA:86,2
DA:89,2
DA:90,0
DA:91,0
DA:92,0
DA:93,0
DA:94,0
DA:100,2
DA:101,2
DA:104,0
DA:105,0
DA:113,2
DA:116,0
DA:119,0
DA:120,0
DA:121,0
DA:125,0
DA:126,0
DA:135,2
DA:138,0
DA:145,0
DA:146,0
DA:152,0
DA:153,0
DA:154,0
DA:158,0
DA:159,0
LF:61
LH:31
BRDA:13,0,0,4
BRDA:13,0,1,1
BRDA:14,1,0,0
BRDA:14,1,1,1
BRDA:19,2,0,1
BRDA:19,2,1,4
BRDA:49,3,0,0
BRDA:49,3,1,0
BRDA:52,4,0,0
BRDA:52,4,1,0
BRDA:52,5,0,0
BRDA:52,5,1,0
BRDA:80,6,0,2
BRDA:80,6,1,4
BRDA:83,7,0,2
BRDA:83,7,1,2
BRDA:83,8,0,4
BRDA:83,8,1,3
BRDA:92,9,0,0
BRDA:92,9,1,0
BRDA:145,10,0,0
BRDA:145,10,1,0
BRF:22
BRH:11
end_of_record
TN:
SF:models/Car.js
FN:51,(anonymous_0)
FN:77,(anonymous_1)
FNF:2
FNH:2
FNDA:6,(anonymous_0)
FNDA:2,(anonymous_1)
DA:1,2
DA:2,2
DA:3,2
DA:5,2
DA:52,6
DA:74,2
DA:78,2
DA:79,2
DA:80,2
DA:84,2
DA:91,2
LF:11
LH:11
BRF:0
BRH:0
end_of_record
TN:
SF:models/CarProvider.js
FN:63,(anonymous_0)
FN:69,(anonymous_1)
FN:80,(anonymous_2)
FN:103,(anonymous_3)
FNF:4
FNH:1
FNDA:3,(anonymous_0)
FNDA:0,(anonymous_1)
FNDA:0,(anonymous_2)
FNDA:0,(anonymous_3)
DA:1,2
DA:2,2
DA:3,2
DA:5,2
DA:63,2
DA:64,3
DA:65,3
DA:69,2
DA:70,0
DA:80,2
DA:81,0
DA:86,2
DA:93,2
DA:100,2
DA:104,0
DA:105,0
DA:106,0
DA:110,2
LF:18
LH:13
BRF:0
BRH:0
end_of_record
TN:
SF:models/Renting.js
FN:12,(anonymous_0)
FNF:1
FNH:0
FNDA:0,(anonymous_0)
DA:1,2
DA:3,2
DA:5,2
DA:13,0
DA:53,2
LF:5
LH:4
BRF:0
BRH:0
end_of_record
TN:
SF:models/User.js
FN:54,(anonymous_0)
FN:60,(anonymous_1)
FN:68,(anonymous_2)
FN:75,(anonymous_3)
FN:80,(anonymous_4)
FN:85,(anonymous_5)
FNF:6
FNH:1
FNDA:2,(anonymous_0)
FNDA:0,(anonymous_1)
FNDA:0,(anonymous_2)
FNDA:0,(anonymous_3)
FNDA:0,(anonymous_4)
FNDA:0,(anonymous_5)
DA:1,2
DA:2,2
DA:3,2
DA:5,2
DA:54,2
DA:55,2
DA:56,2
DA:59,2
DA:61,0
DA:62,0
DA:63,0
DA:68,2
DA:69,0
DA:75,2
DA:76,0
DA:80,2
DA:81,0
DA:85,2
DA:86,0
DA:87,0
DA:90,2
LF:21
LH:13
BRF:0
BRH:0
end_of_record
